0 info it worked if it ends with ok
1 verbose cli [ '/usr/bin/node', '/usr/bin/npm', 'install' ]
2 info using npm@3.10.10
3 info using node@v6.17.1
4 silly loadCurrentTree Starting
5 silly install loadCurrentTree
6 silly install readLocalPackageData
7 silly install normalizeTree
8 silly loadCurrentTree Finishing
9 silly loadIdealTree Starting
10 silly install loadIdealTree
11 silly cloneCurrentTree Starting
12 silly install cloneCurrentTreeToIdealTree
13 silly cloneCurrentTree Finishing
14 silly loadShrinkwrap Starting
15 silly install loadShrinkwrap
16 silly loadShrinkwrap Finishing
17 silly loadAllDepsIntoIdealTree Starting
18 silly install loadAllDepsIntoIdealTree
19 silly fetchNamedPackageData istanbul
20 silly mapToRegistry name istanbul
21 silly mapToRegistry using default registry
22 silly mapToRegistry registry https://registry.npmjs.org/
23 silly mapToRegistry data Result {
23 silly mapToRegistry   raw: 'istanbul',
23 silly mapToRegistry   scope: null,
23 silly mapToRegistry   escapedName: 'istanbul',
23 silly mapToRegistry   name: 'istanbul',
23 silly mapToRegistry   rawSpec: '',
23 silly mapToRegistry   spec: 'latest',
23 silly mapToRegistry   type: 'tag' }
24 silly mapToRegistry uri https://registry.npmjs.org/istanbul
25 silly fetchNamedPackageData jenkins-mocha
26 silly mapToRegistry name jenkins-mocha
27 silly mapToRegistry using default registry
28 silly mapToRegistry registry https://registry.npmjs.org/
29 silly mapToRegistry data Result {
29 silly mapToRegistry   raw: 'jenkins-mocha',
29 silly mapToRegistry   scope: null,
29 silly mapToRegistry   escapedName: 'jenkins-mocha',
29 silly mapToRegistry   name: 'jenkins-mocha',
29 silly mapToRegistry   rawSpec: '',
29 silly mapToRegistry   spec: 'latest',
29 silly mapToRegistry   type: 'tag' }
30 silly mapToRegistry uri https://registry.npmjs.org/jenkins-mocha
31 verbose request uri https://registry.npmjs.org/istanbul
32 verbose request no auth needed
33 info attempt registry request try #1 at 10:14:17 AM
34 verbose request id eb61348669a992f1
35 http request GET https://registry.npmjs.org/istanbul
36 verbose request uri https://registry.npmjs.org/jenkins-mocha
37 verbose request no auth needed
38 info attempt registry request try #1 at 10:14:17 AM
39 http request GET https://registry.npmjs.org/jenkins-mocha
40 http 200 https://registry.npmjs.org/jenkins-mocha
41 verbose headers { date: 'Wed, 18 Dec 2019 10:14:18 GMT',
41 verbose headers   'content-type': 'application/json',
41 verbose headers   'transfer-encoding': 'chunked',
41 verbose headers   connection: 'keep-alive',
41 verbose headers   'set-cookie': [ '__cfduid=da2b31a1a3c6e2ecf0253477ac0c6686a1576664058; expires=Fri, 17-Jan-20 10:14:18 GMT; path=/; domain=.npmjs.org; HttpOnly; SameSite=Lax' ],
41 verbose headers   'cf-ray': '54705e7ddb78bba0-LHR',
41 verbose headers   age: '4550',
41 verbose headers   'cache-control': 'public, max-age=300',
41 verbose headers   etag: 'W/"ca912abbd4c79e70b81cb5054f87f1d5"',
41 verbose headers   'last-modified': 'Mon, 01 Jul 2019 03:50:38 GMT',
41 verbose headers   vary: 'accept-encoding, accept',
41 verbose headers   'cf-cache-status': 'HIT',
41 verbose headers   'expect-ct': 'max-age=604800, report-uri="https://report-uri.cloudflare.com/cdn-cgi/beacon/expect-ct"',
41 verbose headers   server: 'cloudflare',
41 verbose headers   'content-encoding': 'gzip' }
42 silly get cb [ 200,
42 silly get   { date: 'Wed, 18 Dec 2019 10:14:18 GMT',
42 silly get     'content-type': 'application/json',
42 silly get     'transfer-encoding': 'chunked',
42 silly get     connection: 'keep-alive',
42 silly get     'set-cookie': [ '__cfduid=da2b31a1a3c6e2ecf0253477ac0c6686a1576664058; expires=Fri, 17-Jan-20 10:14:18 GMT; path=/; domain=.npmjs.org; HttpOnly; SameSite=Lax' ],
42 silly get     'cf-ray': '54705e7ddb78bba0-LHR',
42 silly get     age: '4550',
42 silly get     'cache-control': 'public, max-age=300',
42 silly get     etag: 'W/"ca912abbd4c79e70b81cb5054f87f1d5"',
42 silly get     'last-modified': 'Mon, 01 Jul 2019 03:50:38 GMT',
42 silly get     vary: 'accept-encoding, accept',
42 silly get     'cf-cache-status': 'HIT',
42 silly get     'expect-ct': 'max-age=604800, report-uri="https://report-uri.cloudflare.com/cdn-cgi/beacon/expect-ct"',
42 silly get     server: 'cloudflare',
42 silly get     'content-encoding': 'gzip' } ]
43 verbose get saving jenkins-mocha to /root/.npm/registry.npmjs.org/jenkins-mocha/.cache.json
44 verbose correctMkdir /root/.npm correctMkdir not in flight; initializing
45 http 200 https://registry.npmjs.org/istanbul
46 verbose headers { date: 'Wed, 18 Dec 2019 10:14:18 GMT',
46 verbose headers   'content-type': 'application/json',
46 verbose headers   'transfer-encoding': 'chunked',
46 verbose headers   connection: 'keep-alive',
46 verbose headers   'set-cookie': [ '__cfduid=da250b81fdab4365b3d709ae253aa0b8f1576664058; expires=Fri, 17-Jan-20 10:14:18 GMT; path=/; domain=.npmjs.org; HttpOnly; SameSite=Lax' ],
46 verbose headers   'cf-ray': '54705e7dddbace43-LHR',
46 verbose headers   age: '4629',
46 verbose headers   'cache-control': 'public, max-age=300',
46 verbose headers   etag: 'W/"ebc21bec19266e2b5fb7fb66e907f662"',
46 verbose headers   'last-modified': 'Thu, 31 Jan 2019 21:36:04 GMT',
46 verbose headers   vary: 'accept-encoding, accept',
46 verbose headers   'cf-cache-status': 'HIT',
46 verbose headers   'expect-ct': 'max-age=604800, report-uri="https://report-uri.cloudflare.com/cdn-cgi/beacon/expect-ct"',
46 verbose headers   server: 'cloudflare',
46 verbose headers   'content-encoding': 'gzip' }
47 silly get cb [ 200,
47 silly get   { date: 'Wed, 18 Dec 2019 10:14:18 GMT',
47 silly get     'content-type': 'application/json',
47 silly get     'transfer-encoding': 'chunked',
47 silly get     connection: 'keep-alive',
47 silly get     'set-cookie': [ '__cfduid=da250b81fdab4365b3d709ae253aa0b8f1576664058; expires=Fri, 17-Jan-20 10:14:18 GMT; path=/; domain=.npmjs.org; HttpOnly; SameSite=Lax' ],
47 silly get     'cf-ray': '54705e7dddbace43-LHR',
47 silly get     age: '4629',
47 silly get     'cache-control': 'public, max-age=300',
47 silly get     etag: 'W/"ebc21bec19266e2b5fb7fb66e907f662"',
47 silly get     'last-modified': 'Thu, 31 Jan 2019 21:36:04 GMT',
47 silly get     vary: 'accept-encoding, accept',
47 silly get     'cf-cache-status': 'HIT',
47 silly get     'expect-ct': 'max-age=604800, report-uri="https://report-uri.cloudflare.com/cdn-cgi/beacon/expect-ct"',
47 silly get     server: 'cloudflare',
47 silly get     'content-encoding': 'gzip' } ]
48 verbose get saving istanbul to /root/.npm/registry.npmjs.org/istanbul/.cache.json
49 verbose correctMkdir /root/.npm correctMkdir not in flight; initializing
50 silly resolveWithNewModule jenkins-mocha@3.0.4 checking installable status
51 silly cache add args [ 'jenkins-mocha@^3.0.4', null ]
52 verbose cache add spec jenkins-mocha@^3.0.4
53 silly cache add parsed spec Result {
53 silly cache add   raw: 'jenkins-mocha@^3.0.4',
53 silly cache add   scope: null,
53 silly cache add   escapedName: 'jenkins-mocha',
53 silly cache add   name: 'jenkins-mocha',
53 silly cache add   rawSpec: '^3.0.4',
53 silly cache add   spec: '>=3.0.4 <4.0.0',
53 silly cache add   type: 'range' }
54 silly addNamed jenkins-mocha@>=3.0.4 <4.0.0
55 verbose addNamed ">=3.0.4 <4.0.0" is a valid semver range for jenkins-mocha
56 silly addNameRange { name: 'jenkins-mocha',
56 silly addNameRange   range: '>=3.0.4 <4.0.0',
56 silly addNameRange   hasData: false }
57 silly mapToRegistry name jenkins-mocha
58 silly mapToRegistry using default registry
59 silly mapToRegistry registry https://registry.npmjs.org/
60 silly mapToRegistry data Result {
60 silly mapToRegistry   raw: 'jenkins-mocha',
60 silly mapToRegistry   scope: null,
60 silly mapToRegistry   escapedName: 'jenkins-mocha',
60 silly mapToRegistry   name: 'jenkins-mocha',
60 silly mapToRegistry   rawSpec: '',
60 silly mapToRegistry   spec: 'latest',
60 silly mapToRegistry   type: 'tag' }
61 silly mapToRegistry uri https://registry.npmjs.org/jenkins-mocha
62 verbose addNameRange registry:https://registry.npmjs.org/jenkins-mocha not in flight; fetching
63 verbose get https://registry.npmjs.org/jenkins-mocha not expired, no request
64 silly addNameRange number 2 { name: 'jenkins-mocha', range: '>=3.0.4 <4.0.0', hasData: true }
65 silly addNameRange versions [ 'jenkins-mocha',
65 silly addNameRange   [ '1.0.0',
65 silly addNameRange     '1.0.1',
65 silly addNameRange     '1.0.2',
65 silly addNameRange     '1.0.3',
65 silly addNameRange     '1.0.4',
65 silly addNameRange     '1.0.5',
65 silly addNameRange     '1.0.6',
65 silly addNameRange     '1.0.7',
65 silly addNameRange     '1.0.8',
65 silly addNameRange     '1.0.9',
65 silly addNameRange     '2.0.0',
65 silly addNameRange     '2.0.1',
65 silly addNameRange     '2.1.0',
65 silly addNameRange     '2.2.0',
65 silly addNameRange     '2.3.0',
65 silly addNameRange     '2.3.1',
65 silly addNameRange     '2.4.0',
65 silly addNameRange     '2.5.0',
65 silly addNameRange     '2.6.0',
65 silly addNameRange     '3.0.0',
65 silly addNameRange     '3.0.2',
65 silly addNameRange     '3.0.3',
65 silly addNameRange     '3.0.4',
65 silly addNameRange     '4.0.0',
65 silly addNameRange     '4.1.0',
65 silly addNameRange     '4.1.1',
65 silly addNameRange     '4.1.2',
65 silly addNameRange     '5.0.0',
65 silly addNameRange     '6.0.0',
65 silly addNameRange     '7.0.0',
65 silly addNameRange     '8.0.0' ] ]
66 silly addNamed jenkins-mocha@3.0.4
67 verbose addNamed "3.0.4" is a plain semver version for jenkins-mocha
68 silly resolveWithNewModule istanbul@0.4.5 checking installable status
69 silly cache add args [ 'istanbul@^0.4.5', null ]
70 verbose cache add spec istanbul@^0.4.5
71 silly cache add parsed spec Result {
71 silly cache add   raw: 'istanbul@^0.4.5',
71 silly cache add   scope: null,
71 silly cache add   escapedName: 'istanbul',
71 silly cache add   name: 'istanbul',
71 silly cache add   rawSpec: '^0.4.5',
71 silly cache add   spec: '>=0.4.5 <0.5.0',
71 silly cache add   type: 'range' }
72 silly addNamed istanbul@>=0.4.5 <0.5.0
73 verbose addNamed ">=0.4.5 <0.5.0" is a valid semver range for istanbul
74 silly addNameRange { name: 'istanbul', range: '>=0.4.5 <0.5.0', hasData: false }
75 silly mapToRegistry name istanbul
76 silly mapToRegistry using default registry
77 silly mapToRegistry registry https://registry.npmjs.org/
78 silly mapToRegistry data Result {
78 silly mapToRegistry   raw: 'istanbul',
78 silly mapToRegistry   scope: null,
78 silly mapToRegistry   escapedName: 'istanbul',
78 silly mapToRegistry   name: 'istanbul',
78 silly mapToRegistry   rawSpec: '',
78 silly mapToRegistry   spec: 'latest',
78 silly mapToRegistry   type: 'tag' }
79 silly mapToRegistry uri https://registry.npmjs.org/istanbul
80 verbose addNameRange registry:https://registry.npmjs.org/istanbul not in flight; fetching
81 silly mapToRegistry name jenkins-mocha
82 silly mapToRegistry using default registry
83 silly mapToRegistry registry https://registry.npmjs.org/
84 silly mapToRegistry data Result {
84 silly mapToRegistry   raw: 'jenkins-mocha',
84 silly mapToRegistry   scope: null,
84 silly mapToRegistry   escapedName: 'jenkins-mocha',
84 silly mapToRegistry   name: 'jenkins-mocha',
84 silly mapToRegistry   rawSpec: '',
84 silly mapToRegistry   spec: 'latest',
84 silly mapToRegistry   type: 'tag' }
85 silly mapToRegistry uri https://registry.npmjs.org/jenkins-mocha
86 verbose addRemoteTarball https://registry.npmjs.org/jenkins-mocha/-/jenkins-mocha-3.0.4.tgz not in flight; adding
87 verbose addRemoteTarball [ 'https://registry.npmjs.org/jenkins-mocha/-/jenkins-mocha-3.0.4.tgz',
87 verbose addRemoteTarball   '8571cfeacb39c42ca29742dbd2d75f2844c2b7ad' ]
88 verbose get https://registry.npmjs.org/istanbul not expired, no request
89 silly addNameRange number 2 { name: 'istanbul', range: '>=0.4.5 <0.5.0', hasData: true }
90 silly addNameRange versions [ 'istanbul',
90 silly addNameRange   [ '0.1.0',
90 silly addNameRange     '0.1.1',
90 silly addNameRange     '0.1.2',
90 silly addNameRange     '0.1.3',
90 silly addNameRange     '0.1.4',
90 silly addNameRange     '0.1.5',
90 silly addNameRange     '0.1.6',
90 silly addNameRange     '0.1.7',
90 silly addNameRange     '0.1.8',
90 silly addNameRange     '0.1.9',
90 silly addNameRange     '0.1.10',
90 silly addNameRange     '0.1.11',
90 silly addNameRange     '0.1.12',
90 silly addNameRange     '0.1.13',
90 silly addNameRange     '0.1.14',
90 silly addNameRange     '0.1.15',
90 silly addNameRange     '0.1.16',
90 silly addNameRange     '0.1.17',
90 silly addNameRange     '0.1.18',
90 silly addNameRange     '0.1.19',
90 silly addNameRange     '0.1.20',
90 silly addNameRange     '0.1.21',
90 silly addNameRange     '0.1.22',
90 silly addNameRange     '0.1.23',
90 silly addNameRange     '0.1.24',
90 silly addNameRange     '0.1.25',
90 silly addNameRange     '0.1.26',
90 silly addNameRange     '0.1.27',
90 silly addNameRange     '0.1.28',
90 silly addNameRange     '0.1.29',
90 silly addNameRange     '0.1.30',
90 silly addNameRange     '0.1.31',
90 silly addNameRange     '0.1.32',
90 silly addNameRange     '0.1.33',
90 silly addNameRange     '0.1.34',
90 silly addNameRange     '0.1.35',
90 silly addNameRange     '0.1.36',
90 silly addNameRange     '0.1.37',
90 silly addNameRange     '0.1.38',
90 silly addNameRange     '0.1.39',
90 silly addNameRange     '0.1.40',
90 silly addNameRange     '0.1.41',
90 silly addNameRange     '0.1.42',
90 silly addNameRange     '0.1.43',
90 silly addNameRange     '0.1.44',
90 silly addNameRange     '0.1.45',
90 silly addNameRange     '0.1.46',
90 silly addNameRange     '0.2.0',
90 silly addNameRange     '0.2.1',
90 silly addNameRange     '0.2.2',
90 silly addNameRange     '0.2.3',
90 silly addNameRange     '0.2.4',
90 silly addNameRange     '0.2.5',
90 silly addNameRange     '0.2.6',
90 silly addNameRange     '0.2.7',
90 silly addNameRange     '0.2.8',
90 silly addNameRange     '0.2.9',
90 silly addNameRange     '0.2.10',
90 silly addNameRange     '0.2.11',
90 silly addNameRange     '0.2.12',
90 silly addNameRange     '0.2.13',
90 silly addNameRange     '0.2.14',
90 silly addNameRange     '0.2.15',
90 silly addNameRange     '0.2.16',
90 silly addNameRange     '0.3.0',
90 silly addNameRange     '0.3.1',
90 silly addNameRange     '0.3.2',
90 silly addNameRange     '0.3.3',
90 silly addNameRange     '0.3.4',
90 silly addNameRange     '0.3.5',
90 silly addNameRange     '0.3.6',
90 silly addNameRange     '0.3.7',
90 silly addNameRange     '0.3.8',
90 silly addNameRange     '0.3.9',
90 silly addNameRange     '0.3.10',
90 silly addNameRange     '0.3.11',
90 silly addNameRange     '0.3.13',
90 silly addNameRange     '0.3.14',
90 silly addNameRange     '0.3.15',
90 silly addNameRange     '0.3.16',
90 silly addNameRange     '0.3.17',
90 silly addNameRange     '0.3.18',
90 silly addNameRange     '0.3.19',
90 silly addNameRange     '0.3.20',
90 silly addNameRange     '0.3.21',
90 silly addNameRange     '0.3.22',
90 silly addNameRange     '0.4.0',
90 silly addNameRange     '0.4.1',
90 silly addNameRange     '1.0.0-alpha.1',
90 silly addNameRange     '1.0.0-alpha.2',
90 silly addNameRange     '0.4.2',
90 silly addNameRange     '0.4.3',
90 silly addNameRange     '0.4.4',
90 silly addNameRange     '1.1.0-alpha.1',
90 silly addNameRange     '0.4.5' ] ]
91 silly addNamed istanbul@0.4.5
92 verbose addNamed "0.4.5" is a plain semver version for istanbul
93 warn deprecated istanbul@0.4.5: This module is no longer maintained, try this instead:
93 warn deprecated   npm i nyc
93 warn deprecated Visit https://istanbul.js.org/integrations for other alternatives.
94 silly mapToRegistry name istanbul
95 silly mapToRegistry using default registry
96 silly mapToRegistry registry https://registry.npmjs.org/
97 silly mapToRegistry data Result {
97 silly mapToRegistry   raw: 'istanbul',
97 silly mapToRegistry   scope: null,
97 silly mapToRegistry   escapedName: 'istanbul',
97 silly mapToRegistry   name: 'istanbul',
97 silly mapToRegistry   rawSpec: '',
97 silly mapToRegistry   spec: 'latest',
97 silly mapToRegistry   type: 'tag' }
98 silly mapToRegistry uri https://registry.npmjs.org/istanbul
99 verbose addRemoteTarball https://registry.npmjs.org/istanbul/-/istanbul-0.4.5.tgz not in flight; adding
100 verbose addRemoteTarball [ 'https://registry.npmjs.org/istanbul/-/istanbul-0.4.5.tgz',
100 verbose addRemoteTarball   '65c7d73d4c4da84d4f3ac310b918fb0b8033733b' ]
101 info retry fetch attempt 1 at 10:14:18 AM
102 info attempt registry request try #1 at 10:14:18 AM
103 http fetch GET https://registry.npmjs.org/jenkins-mocha/-/jenkins-mocha-3.0.4.tgz
104 info retry fetch attempt 1 at 10:14:18 AM
105 info attempt registry request try #1 at 10:14:18 AM
106 http fetch GET https://registry.npmjs.org/istanbul/-/istanbul-0.4.5.tgz
107 http fetch 200 https://registry.npmjs.org/jenkins-mocha/-/jenkins-mocha-3.0.4.tgz
108 http fetch 200 https://registry.npmjs.org/istanbul/-/istanbul-0.4.5.tgz
109 silly fetchAndShaCheck shasum 8571cfeacb39c42ca29742dbd2d75f2844c2b7ad
110 verbose addTmpTarball /tmp/npm-4301-4478d29a/registry.npmjs.org/jenkins-mocha/-/jenkins-mocha-3.0.4.tgz not in flight; adding
111 verbose addTmpTarball already have metadata; skipping unpack for jenkins-mocha@3.0.4
112 verbose correctMkdir /root/.npm correctMkdir not in flight; initializing
113 silly fetchAndShaCheck shasum 65c7d73d4c4da84d4f3ac310b918fb0b8033733b
114 verbose addTmpTarball /tmp/npm-4301-4478d29a/registry.npmjs.org/istanbul/-/istanbul-0.4.5.tgz not in flight; adding
115 verbose addTmpTarball already have metadata; skipping unpack for istanbul@0.4.5
116 verbose correctMkdir /root/.npm correctMkdir not in flight; initializing
117 silly cache afterAdd jenkins-mocha@3.0.4
118 verbose afterAdd /root/.npm/jenkins-mocha/3.0.4/package/package.json not in flight; writing
119 verbose correctMkdir /root/.npm correctMkdir not in flight; initializing
120 verbose afterAdd /root/.npm/jenkins-mocha/3.0.4/package/package.json written
121 silly cache afterAdd istanbul@0.4.5
122 verbose afterAdd /root/.npm/istanbul/0.4.5/package/package.json not in flight; writing
123 verbose correctMkdir /root/.npm correctMkdir not in flight; initializing
124 verbose afterAdd /root/.npm/istanbul/0.4.5/package/package.json written
125 silly fetchNamedPackageData esprima
126 silly mapToRegistry name esprima
127 silly mapToRegistry using default registry
128 silly mapToRegistry registry https://registry.npmjs.org/
129 silly mapToRegistry data Result {
129 silly mapToRegistry   raw: 'esprima',
129 silly mapToRegistry   scope: null,
129 silly mapToRegistry   escapedName: 'esprima',
129 silly mapToRegistry   name: 'esprima',
129 silly mapToRegistry   rawSpec: '',
129 silly mapToRegistry   spec: 'latest',
129 silly mapToRegistry   type: 'tag' }
130 silly mapToRegistry uri https://registry.npmjs.org/esprima
131 verbose request uri https://registry.npmjs.org/esprima
132 verbose request no auth needed
133 info attempt registry request try #1 at 10:14:18 AM
134 verbose etag W/"1408d15684aa02561523c247813d3acf"
135 verbose lastModified Sun, 29 Sep 2019 09:56:40 GMT
136 http request GET https://registry.npmjs.org/esprima
137 http 304 https://registry.npmjs.org/esprima
138 verbose headers { date: 'Wed, 18 Dec 2019 10:14:19 GMT',
138 verbose headers   connection: 'keep-alive',
138 verbose headers   'set-cookie': [ '__cfduid=dd5e66062e6f122e0288be0c6ef91a8721576664059; expires=Fri, 17-Jan-20 10:14:19 GMT; path=/; domain=.npmjs.org; HttpOnly; SameSite=Lax' ],
138 verbose headers   'cf-ray': '54705e81cfcbbba0-LHR',
138 verbose headers   age: '3563',
138 verbose headers   'cache-control': 'public, max-age=300',
138 verbose headers   etag: '"1408d15684aa02561523c247813d3acf"',
138 verbose headers   'last-modified': 'Sun, 29 Sep 2019 09:56:40 GMT',
138 verbose headers   vary: 'Accept-Encoding',
138 verbose headers   'cf-cache-status': 'HIT',
138 verbose headers   'expect-ct': 'max-age=604800, report-uri="https://report-uri.cloudflare.com/cdn-cgi/beacon/expect-ct"',
138 verbose headers   server: 'cloudflare' }
139 silly get cb [ 304,
139 silly get   { date: 'Wed, 18 Dec 2019 10:14:19 GMT',
139 silly get     connection: 'keep-alive',
139 silly get     'set-cookie': [ '__cfduid=dd5e66062e6f122e0288be0c6ef91a8721576664059; expires=Fri, 17-Jan-20 10:14:19 GMT; path=/; domain=.npmjs.org; HttpOnly; SameSite=Lax' ],
139 silly get     'cf-ray': '54705e81cfcbbba0-LHR',
139 silly get     age: '3563',
139 silly get     'cache-control': 'public, max-age=300',
139 silly get     etag: '"1408d15684aa02561523c247813d3acf"',
139 silly get     'last-modified': 'Sun, 29 Sep 2019 09:56:40 GMT',
139 silly get     vary: 'Accept-Encoding',
139 silly get     'cf-cache-status': 'HIT',
139 silly get     'expect-ct': 'max-age=604800, report-uri="https://report-uri.cloudflare.com/cdn-cgi/beacon/expect-ct"',
139 silly get     server: 'cloudflare' } ]
140 verbose etag https://registry.npmjs.org/esprima from cache
141 verbose get saving esprima to /root/.npm/registry.npmjs.org/esprima/.cache.json
142 verbose correctMkdir /root/.npm correctMkdir not in flight; initializing
143 silly resolveWithNewModule esprima@2.7.3 checking installable status
144 silly cache add args [ 'esprima@2.7.x', null ]
145 verbose cache add spec esprima@2.7.x
146 silly cache add parsed spec Result {
146 silly cache add   raw: 'esprima@2.7.x',
146 silly cache add   scope: null,
146 silly cache add   escapedName: 'esprima',
146 silly cache add   name: 'esprima',
146 silly cache add   rawSpec: '2.7.x',
146 silly cache add   spec: '>=2.7.0 <2.8.0',
146 silly cache add   type: 'range' }
147 silly addNamed esprima@>=2.7.0 <2.8.0
148 verbose addNamed ">=2.7.0 <2.8.0" is a valid semver range for esprima
149 silly addNameRange { name: 'esprima', range: '>=2.7.0 <2.8.0', hasData: false }
150 silly mapToRegistry name esprima
151 silly mapToRegistry using default registry
152 silly mapToRegistry registry https://registry.npmjs.org/
153 silly mapToRegistry data Result {
153 silly mapToRegistry   raw: 'esprima',
153 silly mapToRegistry   scope: null,
153 silly mapToRegistry   escapedName: 'esprima',
153 silly mapToRegistry   name: 'esprima',
153 silly mapToRegistry   rawSpec: '',
153 silly mapToRegistry   spec: 'latest',
153 silly mapToRegistry   type: 'tag' }
154 silly mapToRegistry uri https://registry.npmjs.org/esprima
155 verbose addNameRange registry:https://registry.npmjs.org/esprima not in flight; fetching
156 verbose get https://registry.npmjs.org/esprima not expired, no request
157 silly addNameRange number 2 { name: 'esprima', range: '>=2.7.0 <2.8.0', hasData: true }
158 silly addNameRange versions [ 'esprima',
158 silly addNameRange   [ '0.7.0',
158 silly addNameRange     '0.8.0',
158 silly addNameRange     '0.8.1',
158 silly addNameRange     '0.8.2',
158 silly addNameRange     '0.9.0',
158 silly addNameRange     '0.9.1',
158 silly addNameRange     '0.9.2',
158 silly addNameRange     '0.9.3',
158 silly addNameRange     '0.9.4',
158 silly addNameRange     '0.9.5',
158 silly addNameRange     '0.9.6',
158 silly addNameRange     '0.9.7',
158 silly addNameRange     '0.9.8',
158 silly addNameRange     '0.9.9',
158 silly addNameRange     '1.0.0',
158 silly addNameRange     '1.0.1',
158 silly addNameRange     '1.0.2',
158 silly addNameRange     '1.0.3',
158 silly addNameRange     '1.0.4',
158 silly addNameRange     '1.1.0',
158 silly addNameRange     '1.1.1',
158 silly addNameRange     '1.2.0',
158 silly addNameRange     '1.2.1',
158 silly addNameRange     '1.2.2',
158 silly addNameRange     '1.2.3',
158 silly addNameRange     '1.2.4',
158 silly addNameRange     '2.0.0',
158 silly addNameRange     '1.2.5',
158 silly addNameRange     '2.1.0',
158 silly addNameRange     '2.2.0',
158 silly addNameRange     '2.3.0',
158 silly addNameRange     '2.4.0',
158 silly addNameRange     '2.4.1',
158 silly addNameRange     '2.5.0',
158 silly addNameRange     '2.6.0',
158 silly addNameRange     '2.7.0',
158 silly addNameRange     '2.7.1',
158 silly addNameRange     '2.7.2',
158 silly addNameRange     '2.7.3',
158 silly addNameRange     '3.0.0',
158 silly addNameRange     '3.1.0',
158 silly addNameRange     '3.1.1',
158 silly addNameRange     '3.1.2',
158 silly addNameRange     '3.1.3',
158 silly addNameRange     '4.0.0',
158 silly addNameRange     '4.0.1' ] ]
159 silly addNamed esprima@2.7.3
160 verbose addNamed "2.7.3" is a plain semver version for esprima
161 silly mapToRegistry name esprima
162 silly mapToRegistry using default registry
163 silly mapToRegistry registry https://registry.npmjs.org/
164 silly mapToRegistry data Result {
164 silly mapToRegistry   raw: 'esprima',
164 silly mapToRegistry   scope: null,
164 silly mapToRegistry   escapedName: 'esprima',
164 silly mapToRegistry   name: 'esprima',
164 silly mapToRegistry   rawSpec: '',
164 silly mapToRegistry   spec: 'latest',
164 silly mapToRegistry   type: 'tag' }
165 silly mapToRegistry uri https://registry.npmjs.org/esprima
166 verbose addRemoteTarball https://registry.npmjs.org/esprima/-/esprima-2.7.3.tgz not in flight; adding
167 verbose addRemoteTarball [ 'https://registry.npmjs.org/esprima/-/esprima-2.7.3.tgz',
167 verbose addRemoteTarball   '96e3b70d5779f6ad49cd032673d1c312767ba581' ]
168 info retry fetch attempt 1 at 10:14:18 AM
169 info attempt registry request try #1 at 10:14:18 AM
170 http fetch GET https://registry.npmjs.org/esprima/-/esprima-2.7.3.tgz
171 http fetch 200 https://registry.npmjs.org/esprima/-/esprima-2.7.3.tgz
172 silly fetchAndShaCheck shasum 96e3b70d5779f6ad49cd032673d1c312767ba581
173 verbose addTmpTarball /tmp/npm-4301-4478d29a/registry.npmjs.org/esprima/-/esprima-2.7.3.tgz not in flight; adding
174 verbose addTmpTarball already have metadata; skipping unpack for esprima@2.7.3
175 verbose correctMkdir /root/.npm correctMkdir not in flight; initializing
176 silly cache afterAdd esprima@2.7.3
177 verbose afterAdd /root/.npm/esprima/2.7.3/package/package.json not in flight; writing
178 verbose correctMkdir /root/.npm correctMkdir not in flight; initializing
179 verbose afterAdd /root/.npm/esprima/2.7.3/package/package.json written
180 silly loadAllDepsIntoIdealTree Finishing
181 silly loadIdealTree Finishing
182 silly currentTree solution-code@1.0.0
182 silly currentTree ├── abbrev@1.0.9
182 silly currentTree ├── accepts@1.3.7
182 silly currentTree ├── amdefine@1.0.1
182 silly currentTree ├── ansi-regex@3.0.0
182 silly currentTree ├── argparse@1.0.10
182 silly currentTree ├── array-flatten@1.1.1
182 silly currentTree ├── assertion-error@1.1.0
182 silly currentTree ├── async@1.5.2
182 silly currentTree ├── balanced-match@1.0.0
182 silly currentTree ├── bluebird@3.5.0
182 silly currentTree ├── body-parser@1.19.0
182 silly currentTree ├── brace-expansion@1.1.11
182 silly currentTree ├── browser-stdout@1.3.0
182 silly currentTree ├── bson@1.0.9
182 silly currentTree ├── buffer-shims@1.0.0
182 silly currentTree ├── bytes@3.1.0
182 silly currentTree ├── chai-http@3.0.0
182 silly currentTree ├── chai-jquery@2.1.0
182 silly currentTree ├── chai@3.5.0
182 silly currentTree ├── charenc@0.0.2
182 silly currentTree ├── combined-stream@1.0.8
182 silly currentTree ├── commander@2.20.3
182 silly currentTree ├── component-emitter@1.3.0
182 silly currentTree ├── concat-map@0.0.1
182 silly currentTree ├── content-disposition@0.5.3
182 silly currentTree ├── content-type@1.0.4
182 silly currentTree ├── cookie-signature@1.0.6
182 silly currentTree ├── cookie@0.4.0
182 silly currentTree ├── cookiejar@2.0.6
182 silly currentTree ├── core-util-is@1.0.2
182 silly currentTree ├── crypt@0.0.2
182 silly currentTree ├── debug@2.6.9
182 silly currentTree ├─┬ deep-eql@0.1.3
182 silly currentTree │ └── type-detect@0.1.1
182 silly currentTree ├── deep-is@0.1.3
182 silly currentTree ├── delayed-stream@1.0.0
182 silly currentTree ├── depd@1.1.2
182 silly currentTree ├── destroy@1.0.4
182 silly currentTree ├── diff@3.2.0
182 silly currentTree ├── ee-first@1.1.1
182 silly currentTree ├── ejs@2.7.4
182 silly currentTree ├── encodeurl@1.0.2
182 silly currentTree ├── errno@0.1.7
182 silly currentTree ├── es6-promise@3.2.1
182 silly currentTree ├── escape-html@1.0.3
182 silly currentTree ├── escape-string-regexp@1.0.5
182 silly currentTree ├── escodegen@1.8.1
182 silly currentTree ├── estraverse@1.9.3
182 silly currentTree ├── esutils@2.0.3
182 silly currentTree ├── etag@1.8.1
182 silly currentTree ├── express@4.17.1
182 silly currentTree ├── extend@3.0.2
182 silly currentTree ├── faker@4.1.0
182 silly currentTree ├── fast-levenshtein@2.0.6
182 silly currentTree ├── finalhandler@1.1.2
182 silly currentTree ├── form-data@1.0.0-rc4
182 silly currentTree ├── formidable@1.2.1
182 silly currentTree ├── forwarded@0.1.2
182 silly currentTree ├── fresh@0.5.2
182 silly currentTree ├── fs.realpath@1.0.0
182 silly currentTree ├── glob@5.0.15
182 silly currentTree ├── graceful-readlink@1.0.1
182 silly currentTree ├── growl@1.9.2
182 silly currentTree ├─┬ handlebars@4.5.3
182 silly currentTree │ └── source-map@0.6.1
182 silly currentTree ├── has-flag@1.0.0
182 silly currentTree ├── he@1.1.1
182 silly currentTree ├── hooks-fixed@2.0.2
182 silly currentTree ├── http-errors@1.7.2
182 silly currentTree ├── iconv-lite@0.4.24
182 silly currentTree ├── inflight@1.0.6
182 silly currentTree ├── inherits@2.0.3
182 silly currentTree ├── interpret@1.2.0
182 silly currentTree ├── ip-regex@1.0.3
182 silly currentTree ├── ipaddr.js@1.9.0
182 silly currentTree ├── is-buffer@1.1.6
182 silly currentTree ├── is-ip@1.0.0
182 silly currentTree ├── isarray@1.0.0
182 silly currentTree ├── isexe@2.0.0
182 silly currentTree ├─┬ js-yaml@3.13.1
182 silly currentTree │ └── esprima@4.0.1
182 silly currentTree ├── json2mongo@2.0.0
182 silly currentTree ├── json3@3.3.2
182 silly currentTree ├── kareem@1.5.0
182 silly currentTree ├── levn@0.3.0
182 silly currentTree ├── lodash._baseassign@3.2.0
182 silly currentTree ├── lodash._basecopy@3.0.1
182 silly currentTree ├── lodash._basecreate@3.0.3
182 silly currentTree ├── lodash._getnative@3.9.1
182 silly currentTree ├── lodash._isiterateecall@3.0.9
182 silly currentTree ├── lodash.create@3.1.1
182 silly currentTree ├── lodash.get@4.4.2
182 silly currentTree ├── lodash.isarguments@3.1.0
182 silly currentTree ├── lodash.isarray@3.0.4
182 silly currentTree ├── lodash.keys@3.1.2
182 silly currentTree ├── lodash@4.17.15
182 silly currentTree ├── md5@2.2.1
182 silly currentTree ├── media-typer@0.3.0
182 silly currentTree ├── merge-descriptors@1.0.1
182 silly currentTree ├── methods@1.1.2
182 silly currentTree ├── mime-db@1.42.0
182 silly currentTree ├── mime-types@2.1.25
182 silly currentTree ├── mime@1.6.0
182 silly currentTree ├── minimatch@3.0.4
182 silly currentTree ├── minimist@0.0.10
182 silly currentTree ├─┬ mkdirp@0.5.1
182 silly currentTree │ └── minimist@0.0.8
182 silly currentTree ├── mocha-junit-reporter@1.23.1
182 silly currentTree ├─┬ mocha@3.5.3
182 silly currentTree │ ├── commander@2.9.0
182 silly currentTree │ ├── debug@2.6.8
182 silly currentTree │ ├── glob@7.1.1
182 silly currentTree │ └── supports-color@3.1.2
182 silly currentTree ├── mongodb-core@2.1.18
182 silly currentTree ├── mongodb@2.2.34
182 silly currentTree ├─┬ mongoose@4.13.19
182 silly currentTree │ └── async@2.6.0
182 silly currentTree ├── mpath@0.5.1
182 silly currentTree ├── mpromise@0.5.5
182 silly currentTree ├─┬ mquery@2.3.3
182 silly currentTree │ └── sliced@0.0.5
182 silly currentTree ├── ms@2.0.0
182 silly currentTree ├── muri@1.3.0
182 silly currentTree ├── negotiator@0.6.2
182 silly currentTree ├── neo-async@2.6.1
182 silly currentTree ├─┬ node-mongo-seeds@2.3.2
182 silly currentTree │ └── lodash@3.10.1
182 silly currentTree ├── nopt@3.0.6
182 silly currentTree ├── npm-path@2.0.4
182 silly currentTree ├── npm-which@3.0.1
182 silly currentTree ├── on-finished@2.3.0
182 silly currentTree ├── once@1.4.0
182 silly currentTree ├─┬ optimist@0.6.1
182 silly currentTree │ └── wordwrap@0.0.3
182 silly currentTree ├── optionator@0.8.3
182 silly currentTree ├── parseurl@1.3.3
182 silly currentTree ├── path-is-absolute@1.0.1
182 silly currentTree ├── path-to-regexp@0.1.7
182 silly currentTree ├── prelude-ls@1.1.2
182 silly currentTree ├── process-nextick-args@1.0.7
182 silly currentTree ├── proxy-addr@2.0.5
182 silly currentTree ├── prr@1.0.1
182 silly currentTree ├── q@1.5.1
182 silly currentTree ├── qs@6.7.0
182 silly currentTree ├── range-parser@1.2.1
182 silly currentTree ├── raw-body@2.4.0
182 silly currentTree ├── readable-stream@2.2.7
182 silly currentTree ├── rechoir@0.6.2
182 silly currentTree ├── regexp-clone@0.0.1
182 silly currentTree ├── require_optional@1.0.1
182 silly currentTree ├── resolve-from@2.0.0
182 silly currentTree ├── resolve@1.1.7
182 silly currentTree ├── safe-buffer@5.1.2
182 silly currentTree ├── safer-buffer@2.1.2
182 silly currentTree ├── semver@5.7.1
182 silly currentTree ├─┬ send@0.17.1
182 silly currentTree │ └── ms@2.1.1
182 silly currentTree ├── serve-static@1.14.1
182 silly currentTree ├── setprototypeof@1.1.1
182 silly currentTree ├── shell-escape@0.2.0
182 silly currentTree ├─┬ shelljs@0.7.8
182 silly currentTree │ └── glob@7.1.6
182 silly currentTree ├── sliced@1.0.1
182 silly currentTree ├── source-map@0.2.0
182 silly currentTree ├── spec-xunit-file@0.0.1-3
182 silly currentTree ├── sprintf-js@1.0.3
182 silly currentTree ├── statuses@1.5.0
182 silly currentTree ├── string_decoder@1.0.3
182 silly currentTree ├── strip-ansi@4.0.0
182 silly currentTree ├── superagent@2.3.0
182 silly currentTree ├── supports-color@3.2.3
182 silly currentTree ├── toidentifier@1.0.0
182 silly currentTree ├── type-check@0.3.2
182 silly currentTree ├── type-detect@1.0.0
182 silly currentTree ├── type-is@1.6.18
182 silly currentTree ├─┬ uglify-js@3.7.2
182 silly currentTree │ └── source-map@0.6.1
182 silly currentTree ├── unpipe@1.0.0
182 silly currentTree ├── util-deprecate@1.0.2
182 silly currentTree ├── utils-merge@1.0.1
182 silly currentTree ├── vary@1.1.2
182 silly currentTree ├── which@1.3.1
182 silly currentTree ├── word-wrap@1.2.3
182 silly currentTree ├── wordwrap@1.0.0
182 silly currentTree ├── wrappy@1.0.2
182 silly currentTree └── xml@1.0.1
183 silly idealTree solution-code@1.0.0
183 silly idealTree ├── abbrev@1.0.9
183 silly idealTree ├── accepts@1.3.7
183 silly idealTree ├── amdefine@1.0.1
183 silly idealTree ├── ansi-regex@3.0.0
183 silly idealTree ├── argparse@1.0.10
183 silly idealTree ├── array-flatten@1.1.1
183 silly idealTree ├── assertion-error@1.1.0
183 silly idealTree ├── async@1.5.2
183 silly idealTree ├── balanced-match@1.0.0
183 silly idealTree ├── bluebird@3.5.0
183 silly idealTree ├── body-parser@1.19.0
183 silly idealTree ├── brace-expansion@1.1.11
183 silly idealTree ├── browser-stdout@1.3.0
183 silly idealTree ├── bson@1.0.9
183 silly idealTree ├── buffer-shims@1.0.0
183 silly idealTree ├── bytes@3.1.0
183 silly idealTree ├── chai-http@3.0.0
183 silly idealTree ├── chai-jquery@2.1.0
183 silly idealTree ├── chai@3.5.0
183 silly idealTree ├── charenc@0.0.2
183 silly idealTree ├── combined-stream@1.0.8
183 silly idealTree ├── commander@2.20.3
183 silly idealTree ├── component-emitter@1.3.0
183 silly idealTree ├── concat-map@0.0.1
183 silly idealTree ├── content-disposition@0.5.3
183 silly idealTree ├── content-type@1.0.4
183 silly idealTree ├── cookie-signature@1.0.6
183 silly idealTree ├── cookie@0.4.0
183 silly idealTree ├── cookiejar@2.0.6
183 silly idealTree ├── core-util-is@1.0.2
183 silly idealTree ├── crypt@0.0.2
183 silly idealTree ├── debug@2.6.9
183 silly idealTree ├─┬ deep-eql@0.1.3
183 silly idealTree │ └── type-detect@0.1.1
183 silly idealTree ├── deep-is@0.1.3
183 silly idealTree ├── delayed-stream@1.0.0
183 silly idealTree ├── depd@1.1.2
183 silly idealTree ├── destroy@1.0.4
183 silly idealTree ├── diff@3.2.0
183 silly idealTree ├── ee-first@1.1.1
183 silly idealTree ├── ejs@2.7.4
183 silly idealTree ├── encodeurl@1.0.2
183 silly idealTree ├── errno@0.1.7
183 silly idealTree ├── es6-promise@3.2.1
183 silly idealTree ├── escape-html@1.0.3
183 silly idealTree ├── escape-string-regexp@1.0.5
183 silly idealTree ├── escodegen@1.8.1
183 silly idealTree ├── esprima@2.7.3
183 silly idealTree ├── estraverse@1.9.3
183 silly idealTree ├── esutils@2.0.3
183 silly idealTree ├── etag@1.8.1
183 silly idealTree ├── express@4.17.1
183 silly idealTree ├── extend@3.0.2
183 silly idealTree ├── faker@4.1.0
183 silly idealTree ├── fast-levenshtein@2.0.6
183 silly idealTree ├── finalhandler@1.1.2
183 silly idealTree ├── form-data@1.0.0-rc4
183 silly idealTree ├── formidable@1.2.1
183 silly idealTree ├── forwarded@0.1.2
183 silly idealTree ├── fresh@0.5.2
183 silly idealTree ├── fs.realpath@1.0.0
183 silly idealTree ├── glob@5.0.15
183 silly idealTree ├── graceful-readlink@1.0.1
183 silly idealTree ├── growl@1.9.2
183 silly idealTree ├─┬ handlebars@4.5.3
183 silly idealTree │ └── source-map@0.6.1
183 silly idealTree ├── has-flag@1.0.0
183 silly idealTree ├── he@1.1.1
183 silly idealTree ├── hooks-fixed@2.0.2
183 silly idealTree ├── http-errors@1.7.2
183 silly idealTree ├── iconv-lite@0.4.24
183 silly idealTree ├── inflight@1.0.6
183 silly idealTree ├── inherits@2.0.3
183 silly idealTree ├── interpret@1.2.0
183 silly idealTree ├── ip-regex@1.0.3
183 silly idealTree ├── ipaddr.js@1.9.0
183 silly idealTree ├── is-buffer@1.1.6
183 silly idealTree ├── is-ip@1.0.0
183 silly idealTree ├── isarray@1.0.0
183 silly idealTree ├── isexe@2.0.0
183 silly idealTree ├── istanbul@0.4.5
183 silly idealTree ├── jenkins-mocha@3.0.4
183 silly idealTree ├─┬ js-yaml@3.13.1
183 silly idealTree │ └── esprima@4.0.1
183 silly idealTree ├── json2mongo@2.0.0
183 silly idealTree ├── json3@3.3.2
183 silly idealTree ├── kareem@1.5.0
183 silly idealTree ├── levn@0.3.0
183 silly idealTree ├── lodash._baseassign@3.2.0
183 silly idealTree ├── lodash._basecopy@3.0.1
183 silly idealTree ├── lodash._basecreate@3.0.3
183 silly idealTree ├── lodash._getnative@3.9.1
183 silly idealTree ├── lodash._isiterateecall@3.0.9
183 silly idealTree ├── lodash.create@3.1.1
183 silly idealTree ├── lodash.get@4.4.2
183 silly idealTree ├── lodash.isarguments@3.1.0
183 silly idealTree ├── lodash.isarray@3.0.4
183 silly idealTree ├── lodash.keys@3.1.2
183 silly idealTree ├── lodash@4.17.15
183 silly idealTree ├── md5@2.2.1
183 silly idealTree ├── media-typer@0.3.0
183 silly idealTree ├── merge-descriptors@1.0.1
183 silly idealTree ├── methods@1.1.2
183 silly idealTree ├── mime-db@1.42.0
183 silly idealTree ├── mime-types@2.1.25
183 silly idealTree ├── mime@1.6.0
183 silly idealTree ├── minimatch@3.0.4
183 silly idealTree ├── minimist@0.0.10
183 silly idealTree ├─┬ mkdirp@0.5.1
183 silly idealTree │ └── minimist@0.0.8
183 silly idealTree ├── mocha-junit-reporter@1.23.1
183 silly idealTree ├─┬ mocha@3.5.3
183 silly idealTree │ ├── commander@2.9.0
183 silly idealTree │ ├── debug@2.6.8
183 silly idealTree │ ├── glob@7.1.1
183 silly idealTree │ └── supports-color@3.1.2
183 silly idealTree ├── mongodb-core@2.1.18
183 silly idealTree ├── mongodb@2.2.34
183 silly idealTree ├─┬ mongoose@4.13.19
183 silly idealTree │ └── async@2.6.0
183 silly idealTree ├── mpath@0.5.1
183 silly idealTree ├── mpromise@0.5.5
183 silly idealTree ├─┬ mquery@2.3.3
183 silly idealTree │ └── sliced@0.0.5
183 silly idealTree ├── ms@2.0.0
183 silly idealTree ├── muri@1.3.0
183 silly idealTree ├── negotiator@0.6.2
183 silly idealTree ├── neo-async@2.6.1
183 silly idealTree ├─┬ node-mongo-seeds@2.3.2
183 silly idealTree │ └── lodash@3.10.1
183 silly idealTree ├── nopt@3.0.6
183 silly idealTree ├── npm-path@2.0.4
183 silly idealTree ├── npm-which@3.0.1
183 silly idealTree ├── on-finished@2.3.0
183 silly idealTree ├── once@1.4.0
183 silly idealTree ├─┬ optimist@0.6.1
183 silly idealTree │ └── wordwrap@0.0.3
183 silly idealTree ├── optionator@0.8.3
183 silly idealTree ├── parseurl@1.3.3
183 silly idealTree ├── path-is-absolute@1.0.1
183 silly idealTree ├── path-to-regexp@0.1.7
183 silly idealTree ├── prelude-ls@1.1.2
183 silly idealTree ├── process-nextick-args@1.0.7
183 silly idealTree ├── proxy-addr@2.0.5
183 silly idealTree ├── prr@1.0.1
183 silly idealTree ├── q@1.5.1
183 silly idealTree ├── qs@6.7.0
183 silly idealTree ├── range-parser@1.2.1
183 silly idealTree ├── raw-body@2.4.0
183 silly idealTree ├── readable-stream@2.2.7
183 silly idealTree ├── rechoir@0.6.2
183 silly idealTree ├── regexp-clone@0.0.1
183 silly idealTree ├── require_optional@1.0.1
183 silly idealTree ├── resolve-from@2.0.0
183 silly idealTree ├── resolve@1.1.7
183 silly idealTree ├── safe-buffer@5.1.2
183 silly idealTree ├── safer-buffer@2.1.2
183 silly idealTree ├── semver@5.7.1
183 silly idealTree ├─┬ send@0.17.1
183 silly idealTree │ └── ms@2.1.1
183 silly idealTree ├── serve-static@1.14.1
183 silly idealTree ├── setprototypeof@1.1.1
183 silly idealTree ├── shell-escape@0.2.0
183 silly idealTree ├─┬ shelljs@0.7.8
183 silly idealTree │ └── glob@7.1.6
183 silly idealTree ├── sliced@1.0.1
183 silly idealTree ├── source-map@0.2.0
183 silly idealTree ├── spec-xunit-file@0.0.1-3
183 silly idealTree ├── sprintf-js@1.0.3
183 silly idealTree ├── statuses@1.5.0
183 silly idealTree ├── string_decoder@1.0.3
183 silly idealTree ├── strip-ansi@4.0.0
183 silly idealTree ├── superagent@2.3.0
183 silly idealTree ├── supports-color@3.2.3
183 silly idealTree ├── toidentifier@1.0.0
183 silly idealTree ├── type-check@0.3.2
183 silly idealTree ├── type-detect@1.0.0
183 silly idealTree ├── type-is@1.6.18
183 silly idealTree ├─┬ uglify-js@3.7.2
183 silly idealTree │ └── source-map@0.6.1
183 silly idealTree ├── unpipe@1.0.0
183 silly idealTree ├── util-deprecate@1.0.2
183 silly idealTree ├── utils-merge@1.0.1
183 silly idealTree ├── vary@1.1.2
183 silly idealTree ├── which@1.3.1
183 silly idealTree ├── word-wrap@1.2.3
183 silly idealTree ├── wordwrap@1.0.0
183 silly idealTree ├── wrappy@1.0.2
183 silly idealTree └── xml@1.0.1
184 silly generateActionsToTake Starting
185 silly install generateActionsToTake
186 silly generateActionsToTake Finishing
187 silly diffTrees action count 3
188 silly diffTrees add esprima@2.7.3
189 silly diffTrees add istanbul@0.4.5
190 silly diffTrees add jenkins-mocha@3.0.4
191 silly decomposeActions action count 24
192 silly decomposeActions fetch esprima@2.7.3
193 silly decomposeActions extract esprima@2.7.3
194 silly decomposeActions test esprima@2.7.3
195 silly decomposeActions preinstall esprima@2.7.3
196 silly decomposeActions build esprima@2.7.3
197 silly decomposeActions install esprima@2.7.3
198 silly decomposeActions postinstall esprima@2.7.3
199 silly decomposeActions finalize esprima@2.7.3
200 silly decomposeActions fetch istanbul@0.4.5
201 silly decomposeActions extract istanbul@0.4.5
202 silly decomposeActions test istanbul@0.4.5
203 silly decomposeActions preinstall istanbul@0.4.5
204 silly decomposeActions build istanbul@0.4.5
205 silly decomposeActions install istanbul@0.4.5
206 silly decomposeActions postinstall istanbul@0.4.5
207 silly decomposeActions finalize istanbul@0.4.5
208 silly decomposeActions fetch jenkins-mocha@3.0.4
209 silly decomposeActions extract jenkins-mocha@3.0.4
210 silly decomposeActions test jenkins-mocha@3.0.4
211 silly decomposeActions preinstall jenkins-mocha@3.0.4
212 silly decomposeActions build jenkins-mocha@3.0.4
213 silly decomposeActions install jenkins-mocha@3.0.4
214 silly decomposeActions postinstall jenkins-mocha@3.0.4
215 silly decomposeActions finalize jenkins-mocha@3.0.4
216 silly runTopLevelLifecycles Starting
217 silly install runPreinstallTopLevelLifecycles
218 silly preinstall solution-code@1.0.0 /app/solution-code-a8f7dd99
219 info lifecycle solution-code@1.0.0~preinstall: solution-code@1.0.0
220 silly lifecycle solution-code@1.0.0~preinstall: no script for preinstall, continuing
221 silly executeActions Starting
222 silly install executeActions
223 silly doSerial global-install 0
224 silly doParallel fetch 3
225 verbose correctMkdir /root/.npm/_locks correctMkdir not in flight; initializing
226 verbose lock using /root/.npm/_locks/staging-bd3355550c5a469e.lock for /app/node_modules/.staging
227 silly doParallel extract 3
228 silly extract esprima@2.7.3
229 silly extract istanbul@0.4.5
230 silly extract jenkins-mocha@3.0.4
231 verbose unbuild node_modules/.staging/esprima-299f8767
232 verbose unbuild node_modules/.staging/jenkins-mocha-47f6b21b
233 verbose unbuild node_modules/.staging/istanbul-4c803da2
234 silly gentlyRm /app/node_modules/.staging/esprima-299f8767 is being purged from base /app
235 verbose gentlyRm don't care about contents; nuking /app/node_modules/.staging/esprima-299f8767
236 silly gentlyRm /app/node_modules/.staging/jenkins-mocha-47f6b21b is being purged from base /app
237 verbose gentlyRm don't care about contents; nuking /app/node_modules/.staging/jenkins-mocha-47f6b21b
238 silly gentlyRm /app/node_modules/.staging/istanbul-4c803da2 is being purged from base /app
239 verbose gentlyRm don't care about contents; nuking /app/node_modules/.staging/istanbul-4c803da2
240 verbose tar unpack /root/.npm/esprima/2.7.3/package.tgz
241 verbose tar unpacking to /app/node_modules/.staging/esprima-299f8767
242 silly gentlyRm /app/node_modules/.staging/esprima-299f8767 is being purged
243 verbose gentlyRm don't care about contents; nuking /app/node_modules/.staging/esprima-299f8767
244 verbose tar unpack /root/.npm/istanbul/0.4.5/package.tgz
245 verbose tar unpacking to /app/node_modules/.staging/istanbul-4c803da2
246 silly gentlyRm /app/node_modules/.staging/istanbul-4c803da2 is being purged
247 verbose gentlyRm don't care about contents; nuking /app/node_modules/.staging/istanbul-4c803da2
248 verbose tar unpack /root/.npm/jenkins-mocha/3.0.4/package.tgz
249 verbose tar unpacking to /app/node_modules/.staging/jenkins-mocha-47f6b21b
250 silly gentlyRm /app/node_modules/.staging/jenkins-mocha-47f6b21b is being purged
251 verbose gentlyRm don't care about contents; nuking /app/node_modules/.staging/jenkins-mocha-47f6b21b
252 silly gunzTarPerm modes [ '755', '644' ]
253 silly gunzTarPerm modes [ '755', '644' ]
254 silly gunzTarPerm modes [ '755', '644' ]
255 silly gunzTarPerm extractEntry package.json
256 silly gunzTarPerm extractEntry package.json
257 silly gunzTarPerm extractEntry package.json
258 silly gunzTarPerm extractEntry README.md
259 silly gunzTarPerm extractEntry README.md
260 silly gunzTarPerm extractEntry esprima.js
261 silly gunzTarPerm extractEntry LICENSE
262 silly gunzTarPerm extractEntry .npmignore
263 silly gunzTarPerm extractEntry README.md
264 silly gunzTarPerm extractEntry index.js
265 silly gunzTarPerm extractEntry CHANGELOG.md
266 silly gunzTarPerm extractEntry LICENSE
267 silly gunzTarPerm extractEntry ci/coverage.sh
268 silly gunzTarPerm extractEntry ChangeLog
269 silly gunzTarPerm extractEntry ci/publish.sh
270 silly gunzTarPerm extractEntry bin/jenkins.js
271 silly gunzTarPerm extractEntry LICENSE.BSD
272 silly gunzTarPerm extractEntry bin/esparse.js
273 silly gunzTarPerm extractEntry bin/esvalidate.js
274 silly gunzTarPerm extractEntry lib/instrumenter.js
275 silly gunzTarPerm extractEntry lib/collector.js
276 silly gunzTarPerm extractEntry lib/jenkins.js
277 silly gunzTarPerm extractEntry screwdriver.yaml
278 silly gunzTarPerm extractEntry lib/config.js
279 silly gunzTarPerm extractEntry lib/hook.js
280 silly gunzTarPerm extractEntry test/jenkins.test.js
281 silly gunzTarPerm extractEntry lib/cli.js
282 silly gunzTarPerm extractEntry lib/object-utils.js
283 silly gunzTarPerm extractEntry lib/register-plugins.js
284 silly gunzTarPerm extractEntry lib/reporter.js
285 silly gunzTarPerm extractEntry lib/assets/sorter.js
286 silly gunzTarPerm extractEntry lib/assets/base.css
287 silly gunzTarPerm extractEntry lib/assets/sort-arrow-sprite.png
288 silly gunzTarPerm extractEntry lib/assets/vendor/prettify.js
289 silly gunzTarPerm extractEntry lib/assets/vendor/prettify.css
290 silly gunzTarPerm extractEntry lib/report/clover.js
291 silly gunzTarPerm extractEntry lib/report/html.js
292 silly gunzTarPerm extractEntry lib/report/index.js
293 silly gunzTarPerm extractEntry lib/report/json-summary.js
294 silly gentlyRm /app/node_modules/.staging/esprima-299f8767/node_modules is being purged
295 verbose gentlyRm don't care about contents; nuking /app/node_modules/.staging/esprima-299f8767/node_modules
296 silly gunzTarPerm extractEntry lib/report/text-summary.js
297 silly gunzTarPerm extractEntry lib/report/cobertura.js
298 silly gunzTarPerm extractEntry lib/report/lcovonly.js
299 silly gunzTarPerm extractEntry lib/report/none.js
300 silly gentlyRm /app/node_modules/.staging/jenkins-mocha-47f6b21b/node_modules is being purged
301 verbose gentlyRm don't care about contents; nuking /app/node_modules/.staging/jenkins-mocha-47f6b21b/node_modules
302 silly gunzTarPerm extractEntry lib/report/teamcity.js
303 silly gunzTarPerm extractEntry lib/report/text-lcov.js
304 silly gunzTarPerm extractEntry lib/report/json.js
305 silly gunzTarPerm extractEntry lib/report/text.js
306 silly gunzTarPerm extractEntry lib/report/lcov.js
307 silly gunzTarPerm extractEntry lib/report/templates/foot.txt
308 silly gunzTarPerm extractEntry lib/report/templates/head.txt
309 silly gunzTarPerm extractEntry lib/report/common/defaults.js
310 silly gunzTarPerm extractEntry lib/command/check-coverage.js
311 silly gunzTarPerm extractEntry lib/command/cover.js
312 silly gunzTarPerm extractEntry lib/command/help.js
313 silly gunzTarPerm extractEntry lib/command/index.js
314 silly gunzTarPerm extractEntry lib/command/instrument.js
315 silly gunzTarPerm extractEntry lib/command/report.js
316 silly gunzTarPerm extractEntry lib/command/test.js
317 silly gunzTarPerm extractEntry lib/command/common/run-with-cover.js
318 silly gunzTarPerm extractEntry lib/store/fslookup.js
319 silly gunzTarPerm extractEntry lib/store/index.js
320 silly gunzTarPerm extractEntry lib/store/memory.js
321 silly gunzTarPerm extractEntry lib/store/tmp.js
322 silly gunzTarPerm extractEntry lib/util/factory.js
323 silly gunzTarPerm extractEntry lib/util/file-matcher.js
324 silly gunzTarPerm extractEntry lib/util/file-writer.js
325 silly gunzTarPerm extractEntry lib/util/help-formatter.js
326 silly gunzTarPerm extractEntry lib/util/input-error.js
327 silly gunzTarPerm extractEntry lib/util/insertion-text.js
328 silly gunzTarPerm extractEntry lib/util/meta.js
329 silly gunzTarPerm extractEntry lib/util/tree-summarizer.js
330 silly gunzTarPerm extractEntry lib/util/writer.js
331 silly gunzTarPerm extractEntry lib/util/yui-load-hook.js
332 silly gentlyRm /app/node_modules/.staging/istanbul-4c803da2/node_modules is being purged
333 verbose gentlyRm don't care about contents; nuking /app/node_modules/.staging/istanbul-4c803da2/node_modules
334 silly doParallel preinstall 3
335 silly preinstall esprima@2.7.3 /app/node_modules/.staging/esprima-299f8767
336 info lifecycle esprima@2.7.3~preinstall: esprima@2.7.3
337 silly preinstall istanbul@0.4.5 /app/node_modules/.staging/istanbul-4c803da2
338 info lifecycle istanbul@0.4.5~preinstall: istanbul@0.4.5
339 silly preinstall jenkins-mocha@3.0.4 /app/node_modules/.staging/jenkins-mocha-47f6b21b
340 info lifecycle jenkins-mocha@3.0.4~preinstall: jenkins-mocha@3.0.4
341 silly lifecycle esprima@2.7.3~preinstall: no script for preinstall, continuing
342 silly lifecycle istanbul@0.4.5~preinstall: no script for preinstall, continuing
343 silly lifecycle jenkins-mocha@3.0.4~preinstall: no script for preinstall, continuing
344 silly doReverseSerial remove 0
345 silly doSerial move 0
346 silly doSerial finalize 3
347 silly finalize /app/node_modules/esprima
348 silly finalize /app/node_modules/istanbul
349 silly finalize /app/node_modules/jenkins-mocha
350 silly doSerial build 3
351 silly build esprima@2.7.3
352 info linkStuff esprima@2.7.3
353 silly linkStuff esprima@2.7.3 has /app/node_modules as its parent node_modules
354 verbose linkBins esprima@2.7.3
355 verbose link bins [ { esparse: './bin/esparse.js',
355 verbose link bins     esvalidate: './bin/esvalidate.js' },
355 verbose link bins   '/app/node_modules/.bin',
355 verbose link bins   false ]
356 verbose linkMans esprima@2.7.3
357 silly gentlyRm /app/node_modules/.bin/esparse is being purged
358 verbose gentlyRm don't care about contents; nuking /app/node_modules/.bin/esparse
359 silly gentlyRm /app/node_modules/.bin/esvalidate is being purged
360 verbose gentlyRm don't care about contents; nuking /app/node_modules/.bin/esvalidate
361 verbose unlock done using /root/.npm/_locks/staging-bd3355550c5a469e.lock for /app/node_modules/.staging
362 silly rollbackFailedOptional Starting
363 silly rollbackFailedOptional Finishing
364 silly runTopLevelLifecycles Finishing
365 silly install printInstalled
366 warn solution-code@1.0.0 No repository field.
367 verbose If you need help, you may report this error at:
367 verbose     <https://github.com/npm/npm/issues>
368 verbose stack Error: EPROTO: protocol error, symlink '../esprima/bin/esparse.js' -> '/app/node_modules/.bin/esparse'
368 verbose stack     at Error (native)
369 verbose cwd /app
370 error Linux 4.4.0-170-generic
371 error argv "/usr/bin/node" "/usr/bin/npm" "install"
372 error node v6.17.1
373 error npm  v3.10.10
374 error path ../esprima/bin/esparse.js
375 error code EPROTO
376 error errno -71
377 error syscall symlink
378 error EPROTO: protocol error, symlink '../esprima/bin/esparse.js' -> '/app/node_modules/.bin/esparse'
379 error If you need help, you may report this error at:
379 error     <https://github.com/npm/npm/issues>
380 verbose exit [ -71, true ]
